cc -Wall -Wextra -Werror -O2 -I includes -I libft/includes -I mlx -c sources/render/render.c -o build/obj/render/render.o
printf "\033[s \033[K \033[1;93m[miniRT] [%02d/%02d] ( %3d %%) Compiling sources/render/render.c\r\033[1;39m \033[u" 6       13 46
cc -Wall -Wextra -Werror -O2 -I includes -I libft/includes -I mlx -c sources/render/ray.c -o build/obj/render/ray.o
printf "\033[s \033[K \033[1;93m[miniRT] [%02d/%02d] ( %3d %%) Compiling sources/render/ray.c\r\033[1;39m \033[u" 7       13 53
cc -Wall -Wextra -Werror -O2 -I includes -I libft/includes -I mlx -c sources/render/phong_lighting.c -o build/obj/render/phong_lighting.o
printf "\033[s \033[K \033[1;93m[miniRT] [%02d/%02d] ( %3d %%) Compiling sources/render/phong_lighting.c\r\033[1;39m \033[u" 8       13 61
cc -Wall -Wextra -Werror -O2 -I includes -I libft/includes -I mlx -c sources/render/hit.c -o build/obj/render/hit.o
printf "\033[s \033[K \033[1;93m[miniRT] [%02d/%02d] ( %3d %%) Compiling sources/render/hit.c\r\033[1;39m \033[u" 9       13 69
cc -Wall -Wextra -Werror -O2 -I includes -I libft/includes -I mlx -c sources/render/texture.c -o build/obj/render/texture.o
printf "\033[s \033[K \033[1;93m[miniRT] [%02d/%02d] ( %3d %%) Compiling sources/render/texture.c\r\033[1;39m \033[u" 10       13 76
cc -Wall -Wextra -Werror -O2 -I includes -I libft/includes -I mlx -c sources/event/key_hook.c -o build/obj/event/key_hook.o
printf "\033[s \033[K \033[1;93m[miniRT] [%02d/%02d] ( %3d %%) Compiling sources/event/key_hook.c\r\033[1;39m \033[u" 11       13 84
cc -Wall -Wextra -Werror -O2 -I includes -I libft/includes -I mlx -c sources/vector/vector_utils.c -o build/obj/vector/vector_utils.o
printf "\033[s \033[K \033[1;93m[miniRT] [%02d/%02d] ( %3d %%) Compiling sources/vector/vector_utils.c\r\033[1;39m \033[u" 12       13 92
cc -Wall -Wextra -Werror -O2 -I includes -I libft/includes -I mlx -c sources/generic_lst/generic_lst.c -o build/obj/generic_lst/generic_lst.o
printf "\033[s \033[K \033[1;93m[miniRT] [%02d/%02d] ( %3d %%) Compiling sources/generic_lst/generic_lst.c\r\033[1;39m \033[u" 13       13 100
/Applications/Xcode.app/Contents/Developer/usr/bin/make -C libft bonus
make[2]: Entering directory `/Users/daewoole/Documents/42seoul/cursus/circle_4/miniRT/libft'
mkdir -p obj/gnl obj/printf
cc -Wall -Wextra -Werror -I includes -c sources/ft_atoi.c -o obj/ft_atoi.o
printf "\033[s \033[K \033[1;93m[LIBFT] [%02d/%02d] ( %3d %%) Compiling sources/ft_atoi.c\r\033[1;39m \033[u" 1       51 1
cc -Wall -Wextra -Werror -I includes -c sources/ft_bzero.c -o obj/ft_bzero.o
printf "\033[s \033[K \033[1;93m[LIBFT] [%02d/%02d] ( %3d %%) Compiling sources/ft_bzero.c\r\033[1;39m \033[u" 2       51 3
cc -Wall -Wextra -Werror -I includes -c sources/ft_calloc.c -o obj/ft_calloc.o
printf "\033[s \033[K \033[1;93m[LIBFT] [%02d/%02d] ( %3d %%) Compiling sources/ft_calloc.c\r\033[1;39m \033[u" 3       51 5
cc -Wall -Wextra -Werror -I includes -c sources/ft_isalnum.c -o obj/ft_isalnum.o
printf "\033[s \033[K \033[1;93m[LIBFT] [%02d/%02d] ( %3d %%) Compiling sources/ft_isalnum.c\r\033[1;39m \033[u" 4       51 7
cc -Wall -Wextra -Werror -I includes -c sources/ft_isalpha.c -o obj/ft_isalpha.o
printf "\033[s \033[K \033[1;93m[LIBFT] [%02d/%02d] ( %3d %%) Compiling sources/ft_isalpha.c\r\033[1;39m \033[u" 5       51 9
cc -Wall -Wextra -Werror -I includes -c sources/ft_isascii.c -o obj/ft_isascii.o
printf "\033[s \033[K \033[1;93m[LIBFT] [%02d/%02d] ( %3d %%) Compiling sources/ft_isascii.c\r\033[1;39m \033[u" 6       51 11
cc -Wall -Wextra -Werror -I includes -c sources/ft_isdigit.c -o obj/ft_isdigit.o
printf "\033[s \033[K \033[1;93m[LIBFT] [%02d/%02d] ( %3d %%) Compiling sources/ft_isdigit.c\r\033[1;39m \033[u" 7       51 13
cc -Wall -Wextra -Werror -I includes -c sources/ft_isprint.c -o obj/ft_isprint.o
printf "\033[s \033[K \033[1;93m[LIBFT] [%02d/%02d] ( %3d %%) Compiling sources/ft_isprint.c\r\033[1;39m \033[u" 8       51 15
 
cc -Wall -Wextra -Werror -I includes -c sources/ft_itoa.c -o obj/ft_itoa.o
printf "\033[s \033[K \033[1;93m[LIBFT] [%02d/%02d] ( %3d %%) Compiling sources/ft_itoa.c\r\033[1;39m \033[u" 9       51 17
 
cc -Wall -Wextra -Werror -I includes -c sources/ft_memchr.c -o obj/ft_memchr.o
printf "\033[s \033[K \033[1;93m[LIBFT] [%02d/%02d] ( %3d %%) Compiling sources/ft_memchr.c\r\033[1;39m \033[u" 10       51 19
cc -Wall -Wextra -Werror -I includes -c sources/ft_memcmp.c -o obj/ft_memcmp.o
printf "\033[s \033[K \033[1;93m[LIBFT] [%02d/%02d] ( %3d %%) Compiling sources/ft_memcmp.c\r\033[1;39m \033[u" 11       51 21
cc -Wall -Wextra -Werror -I includes -c sources/ft_memcpy.c -o obj/ft_memcpy.o
printf "\033[s \033[K \033[1;93m[LIBFT] [%02d/%02d] ( %3d %%) Compiling sources/ft_memcpy.c\r\033[1;39m \033[u" 12       51 23
cc -Wall -Wextra -Werror -I includes -c sources/ft_memmove.c -o obj/ft_memmove.o
printf "\033[s \033[K \033[1;93m[LIBFT] [%02d/%02d] ( %3d %%) Compiling sources/ft_memmove.c\r\033[1;39m \033[u" 13       51 25
cc -Wall -Wextra -Werror -I includes -c sources/ft_memset.c -o obj/ft_memset.o
printf "\033[s \033[K \033[1;93m[LIBFT] [%02d/%02d] ( %3d %%) Compiling sources/ft_memset.c\r\033[1;39m \033[u" 14       51 27
 
cc -Wall -Wextra -Werror -I includes -c sources/ft_putchar_fd.c -o obj/ft_putchar_fd.o
printf "\033[s \033[K \033[1;93m[LIBFT] [%02d/%02d] ( %3d %%) Compiling sources/ft_putchar_fd.c\r\033[1;39m \033[u" 15       51 29
cc -Wall -Wextra -Werror -I includes -c sources/ft_putendl_fd.c -o obj/ft_putendl_fd.o
printf "\033[s \033[K \033[1;93m[LIBFT] [%02d/%02d] ( %3d %%) Compiling sources/ft_putendl_fd.c\r\033[1;39m \033[u" 16       51 31
cc -Wall -Wextra -Werror -I includes -c sources/ft_putnbr_fd.c -o obj/ft_putnbr_fd.o
printf "\033[s \033[K \033[1;93m[LIBFT] [%02d/%02d] ( %3d %%) Compiling sources/ft_putnbr_fd.c\r\033[1;39m \033[u" 17       51 33
cc -Wall -Wextra -Werror -I includes -c sources/ft_putstr_fd.c -o obj/ft_putstr_fd.o
printf "\033[s \033[K \033[1;93m[LIBFT] [%02d/%02d] ( %3d %%) Compiling sources/ft_putstr_fd.c\r\033[1;39m \033[u" 18       51 35
cc -Wall -Wextra -Werror -I includes -c sources/ft_split.c -o obj/ft_split.o
printf "\033[s \033[K \033[1;93m[LIBFT] [%02d/%02d] ( %3d %%) Compiling sources/ft_split.c\r\033[1;39m \033[u" 19       51 37
cc -Wall -Wextra -Werror -I includes -c sources/ft_strchr.c -o obj/ft_strchr.o
printf "\033[s \033[K \033[1;93m[LIBFT] [%02d/%02d] ( %3d %%) Compiling sources/ft_strchr.c\r\033[1;39m \033[u" 20       51 39
cc -Wall -Wextra -Werror -I includes -c sources/ft_strdup.c -o obj/ft_strdup.o
printf "\033[s \033[K \033[1;93m[LIBFT] [%02d/%02d] ( %3d %%) Compiling sources/ft_strdup.c\r\033[1;39m \033[u" 21       51 41
cc -Wall -Wextra -Werror -I includes -c sources/ft_striteri.c -o obj/ft_striteri.o
printf "\033[s \033[K \033[1;93m[LIBFT] [%02d/%02d] ( %3d %%) Compiling sources/ft_striteri.c\r\033[1;39m \033[u" 22       51 43
cc -Wall -Wextra -Werror -I includes -c sources/ft_strjoin.c -o obj/ft_strjoin.o
printf "\033[s \033[K \033[1;93m[LIBFT] [%02d/%02d] ( %3d %%) Compiling sources/ft_strjoin.c\r\033[1;39m \033[u" 23       51 45
cc -Wall -Wextra -Werror -I includes -c sources/ft_strlcat.c -o obj/ft_strlcat.o
printf "\033[s \033[K \033[1;93m[LIBFT] [%02d/%02d] ( %3d %%) Compiling sources/ft_strlcat.c\r\033[1;39m \033[u" 24       51 47
cc -Wall -Wextra -Werror -I includes -c sources/ft_strlcpy.c -o obj/ft_strlcpy.o
printf "\033[s \033[K \033[1;93m[LIBFT] [%02d/%02d] ( %3d %%) Compiling sources/ft_strlcpy.c\r\033[1;39m \033[u" 25       51 49
cc -Wall -Wextra -Werror -I includes -c sources/ft_strlen.c -o obj/ft_strlen.o
printf "\033[s \033[K \033[1;93m[LIBFT] [%02d/%02d] ( %3d %%) Compiling sources/ft_strlen.c\r\033[1;39m \033[u" 26       51 50
cc -Wall -Wextra -Werror -I includes -c sources/ft_strmapi.c -o obj/ft_strmapi.o
printf "\033[s \033[K \033[1;93m[LIBFT] [%02d/%02d] ( %3d %%) Compiling sources/ft_strmapi.c\r\033[1;39m \033[u" 27       51 52
 
cc -Wall -Wextra -Werror -I includes -c sources/ft_strncmp.c -o obj/ft_strncmp.o
printf "\033[s \033[K \033[1;93m[LIBFT] [%02d/%02d] ( %3d %%) Compiling sources/ft_strncmp.c\r\033[1;39m \033[u" 28       51 54
cc -Wall -Wextra -Werror -I includes -c sources/ft_strnstr.c -o obj/ft_strnstr.o
print