make all --print-data-base --no-builtin-variables --no-builtin-rules --question
# GNU Make 3.81
# Copyright (C) 2006  Free Software Foundation, Inc.
# This is free software; see the source for copying conditions.
# There is NO warranty; not even for MERCHANTABILITY or FITNESS FOR A
# PARTICULAR PURPOSE.

# This program built for i386-apple-darwin11.3.0
 
# GNU Make 3.81
# Copyright (C) 2006  Free Software Foundation, Inc.
# This is free software; see the source for copying conditions.
# There is NO warranty; not even for MERCHANTABILITY or FITNESS FOR A
# PARTICULAR PURPOSE.

# This program built for i386-apple-darwin11.3.0

# Make data base, printed on Mon Jun 12 19:34:49 2023

# Variables

# automatic
<D = $(patsubst %/,%,$(dir $<))
# automatic
?F = $(notdir $?)
# makefile (from `Makefile', line 129)
GRAY = \033[1;90m
# makefile (from `Makefile', line 26)
RENDER_DIR := render
# environment
LC_CTYPE = UTF-8
# automatic
?D = $(patsubst %/,%,$(dir $?))
# makefile (from `Makefile', line 7)
CPPFLAGS = -I includes -I $(LIBFT_DIR)/includes -I $(MLX_DIR)
# automatic
@D = $(patsubst %/,%,$(dir $@))
# makefile (from `Makefile', line 57)
STEP := 100
# automatic
@F = $(notdir $@)
# makefile (from `Makefile', line 9)
LDLIBS := -l ft -l mlx
# makefile
CURDIR := /Users/daewoole/Documents/42seoul/cursus/circle_4/miniRT
# makefile
SHELL = /bin/sh
# makefile (from `Makefile', line 27)
EVENT_DIR := event
# environment
VSCODE_NLS_CONFIG = {"locale":"ko","availableLanguages":{},"_languagePackSupport":true}
# makefile (from `Makefile', line 64)
MLX := libmlx.dylib
# environment
_ = /usr/bin/make
# makefile (from `Makefile', line 6)
CFLAGS := -Wall -Wextra -Werror -O2
# makefile (from `Makefile', line 133)
BLUE = \033[1;94m
# makefile (from `Makefile', line 1)
MAKEFILE_LIST :=  Makefile
# makefile (from `Makefile', line 32)
OBJ_DIR := obj
# makefile (from `Makefile', line 49)
OBJS :=  build/obj/main/main.o  build/obj/main/utils.o  build/obj/main/ft_atof.o  build/obj/parser/parser.o  build/obj/parser/parser_utils.o  build/obj/render/render.o  build/obj/render/ray.o  build/obj/render/phong_lighting.o  build/obj/render/hit.o  build/obj/render/texture.o  build/obj/event/key_hook.o  build/obj/vector/vector_utils.o  build/obj/generic_lst/generic_lst.o
# environment
VSCODE_CWD = /Users/daewoole/Documents/42seoul/cursus/circle_4/miniRT
# makefile (from `Makefile', line 29)
GENERIC_LST_DIR := generic_lst
# environment
PATH = /Users/daewoole/.brew/bin:/Users/daewoole/.brew/bin:/usr/local/bin:/usr/bin:/bin:/usr/sbin:/sbin:/usr/local/munki:/Users/daewoole/.brew/bin
# makefile (from `Makefile', line 55)
TOTAL_FILES :=       13
# environment
LaunchInstanceID = 960FD36C-4D14-4564-8350-B7AFCE29186D
# environment
ELECTRON_RUN_AS_NODE = 1
# makefile (from `Makefile', line 8)
LDFLAGS = -L $(LIBFT_DIR) -L .
# default
.FEATURES := target-specific order-only second-expansion else-if archives jobserver check-symlink
# makefile (from `Makefile', line 15)
LIBFT_DIR := libft
# environment
SSH_AUTH_SOCK = /private/tmp/com.apple.launchd.eTFItY2Ogr/Listeners
# automatic
%F = $(notdir $%)
# environment
PWD = /Users/daewoole/Documents/42seoul/cursus/circle_4/miniRT
# makefile (from `Makefile', line 28)
VECTOR_DIR := vector
# environment
ORIGINAL_XDG_CURRENT_DESKTOP = undefined
# makefile (from `Makefile', line 131)
GREEN = \033[1;92m
# makefile (from `Makefile', line 56)
COMPILED_FILES := 0
# environment
VSCODE_AMD_ENTRYPOINT = vs/workbench/api/node/extensionHostProcess
# environment
HOME = /Users/daewoole
# default
MAKEFILEPATH := /Applications/Xcode.app/Contents/Developer/Makefiles
# environment
VSCODE_CODE_CACHE_PATH = /Users/daewoole/Library/Application Support/Code/CachedData/97dec172d3256f8ca4bfb2143f3f76b503ca0534
# makefile (from `Makefile', line 24)
MAIN_DIR := main
# environment
LOGNAME = daewoole
# environment
APPLICATION_INSIGHTS_NO_DIAGNOSTIC_CHANNEL = 1
# environment
VSCODE_HANDLES_UNCAUGHT_ERRORS = true
# automatic
^D = $(patsubst %/,%,$(dir $^))
# environment
XPC_FLAGS = 0x0
# environment
COLORTERM = truecolor
# makefile (from `Makefile', line 126)
RESTCUR = \033[u
# default
MAKE = $(MAKE_COMMAND)
# environment
LC_TERMINAL = iTerm2
# makefile (from `Makefile', line 128)
DEF_COLOR = \033[1;39m
# makefile (from `Makefile', line 43)
SRCS := sources/main/main.c sources/main/utils.c sources/main/ft_atof.c sources/parser/parser.c sources/parser/parser_utils.c sources/render/render.c sources/render/ray.c sources/render/phong_lighting.c sources/render/hit.c sources/render/texture.c sources/event/key_hook.c sources/vector/vector_utils.c sources/generic_lst/generic_lst.c
# environment
SHLVL = 2
# makefile (from `Makefile', line 136)
WHITE = \033[1;97m
# makefile (from `Makefile', line 63)
LIBFT := libft/libft.a
# makefile (from `Makefile', line 5)
CC := cc
# makefile (from `Makefile', line 45)
SRCS_GOAL = 	$(if $(filter bonus, $(MAKECMDGOALS)), $(SRCS_BONUS), $(SRCS))
# makefile (from `Makefile', line 31)
BUILD_DIR := build
# default
MAKE_VERSION := 3.81
# environment
USER = daewoole
# makefile
.DEFAULT_GOAL := all
# default
MAKECMDGOALS := miniRT
# environment
TERM_SESSION_ID = w0t0p0:7190C141-67FB-4DCC-A1E2-1BA7ECA910C6
# makefile (from `Makefile', line 65)
NAME := miniRT
# makefile (from `Makefile', line 123)
DELINE = \033[K
# automatic
%D = $(patsubst %/,%,$(dir $%))
# default
MAKE_COMMAND := /Applications/Xcode.app/Contents/Developer/usr/bin/make
# environment
TERM_PROGRAM = iTerm.app
# default
.VARIABLES := 
# environment
TMPDIR = /var/folders/zz/zyxvpxvq6csfxvn_n000cwyc00377l/T/
# automatic
*F = $(notdir $*)
# environment
VSCODE_IPC_HOOK = /Users/daewoole/Library/Application Support/Code/1.74.3-main.sock
# environment
MallocNanoZone = 0
# makefile (from `Makefile', line 130)
RED = \033[1;91m
# makefile
MAKEFLAGS = Rrqp
# environment
MFLAGS = -Rrqp
# automatic
*D = $(patsubst %/,%,$(dir $*))
# environment
TERM_PROGRAM_VERSION = 3.4.19
# environment
XPC_SERVICE_NAME = com.microsoft.VSCode.2216.1401527E-2A4B-49A2-85BD-70DF20B09947
# environment
LC_TERMINAL_VERSION = 3.4.19
# automatic
+D = $(patsubst %/,%,$(dir $+))
# makefile (from `Makefile', line 132)
YELLOW = \033[1;93m
# makefile (from `Makefile', line 135)
CYAN = \033[1;96m
# automatic
+F = $(notdir $+)
# makefile (from `Makefile', line 25)
PARSER_DIR := parser
# environment
ITERM_SESSION_ID = w0t0p0:7190C141-67FB-4DCC-A1E2-1BA7ECA910C6
# environment
COLORFGBG = 7;0
# environment
__CF_USER_TEXT_ENCODING = 0x19CF3:0x0:0x0
# environment
COMMAND_MODE = unix2003
# default
MAKEFILES := 
# makefile (from `Makefile', line 22)
SRC_DIR := sources
# automatic
<F = $(notdir $<)
# environment
ITERM_PROFILE = Default
# makefile (from `Makefile', line 124)
CURSUP = \033[A
# makefile (from `Makefile', line 16)
MLX_DIR := mlx
# environment
LC_ALL = C
# environment
SECURITYSESSIONID = 186ff
# automatic
^F = $(notdir $^)
# default
SUFFIXES := 
# default
.INCLUDE_DIRS = /usr/local/include
# makefile (from `Makefile', line 134)
MAGENTA = \033[1;95m
# environment
MAKELEVEL := 1
# makefile (from `Makefile', line 125)
SAVECUR = \033[s
# environment
LANG = C
# environment
TERM = xterm-256color
# environment
VSCODE_PID = 40051
# variable set hash-table stats:
# Load=108/1024=11%, Rehash=0, Collisions=12/188=6%

# Pattern-specific Variable Values

# No pattern-specific variable values.

# Directories

# sources/main (device 16777225, inode 1610614): 4 files, no impossibilities so far.
# . (device 16777225, inode 1600463): 16 files, no impossibilities.
# sources (device 16777225, inode 1610611): No files, no impossibilities so far.

# 20 files, no impossibilities in 3 directories.

# Implicit Rules

build/obj/%.o: sources/%.c | dir_guard
#  commands to execute (from `Makefile', line 86):
	@$(CC) $(CFLAGS) $(CPPFLAGS) -c $< -o $@
	@$(eval COMPILED_FILES = $(shell expr $(COMPILED_FILES) + 1))
	@$(eval PROGRESS = $(shell expr $(COMPILED_FILES) "*" $(STEP) / $(TOTAL_FILES)))
	@printf "$(SAVECUR) $(DELINE) $(YELLOW)[$(NAME)] [%02d/%02d] ( %3d %%) Compiling $<\r$(DEF_COLOR) $(RESTCUR)" $(COMPILED_FILES) $(TOTAL_FILES) $(PROGRESS)
	

# 1 implicit rules, 0 (0.0%) terminal.

# Files

all:
#  Phony target (prerequisite of .PHONY).
#  Implicit rule search has not been done.
#  File does not exist.
#  File has not been updated.
#  commands to execute (from `Makefile', line 72):
	@$(MAKE) $(NAME)
	

.PHONY: all clean fclean re dir_guard norm
#  Implicit rule search has not been done.
#  Modification time never checked.
#  File has not been updated.

# Not a target:
build/obj/render/hit.o:
 
#  Implicit rule search has not been done.
#  Modification time never checked.
#  File has not been updated.

build/obj/main/main.o: sources/main/main.c | dir_guard
#  Implicit rule search has been done.
#  Implicit/static pattern stem: `main/main'
#  Last modified 2023-06-09 20:22:28
#  File has been updated.
#  Needs to be updated (-q is set).
# variable set hash-table stats:
# Load=0/32=0%, Rehash=0, Collisions=0/10=0%
#  commands to execute (from `Makefile', line 86):
	@$(CC) $(CFLAGS) $(CPPFLAGS) -c $< -o $@
	@$(eval COMPILED_FILES = $(shell expr $(COMPILED_FILES) + 1))
	@$(eval PROGRESS = $(shell expr $(COMPILED_FILES) "*" $(STEP) / $(TOTAL_FILES)))
	@printf "$(SAVECUR) $(DELINE) $(YELLOW)[$(NAME)] [%02d/%02d] ( %3d %%) Compiling $<\r$(DEF_COLOR) $(RESTCUR)" $(COMPILED_FILES) $(TOTAL_FILES) $(PROGRESS)
	

# Not a target:
build/obj/vector/vector_utils.o:
#  Implicit rule search has not been done.
#  Modification time never checked.
#  File has not been updated.

# Not a target:
.SUFFIXES:
#  Implicit rule search has not been done.
#  Modification time never checked.
#  File has not been updated.

miniRT: build/obj/main/main.o build/obj/main/utils.o build/obj/main/ft_atof.o build/obj/parser/parser.o build/obj/parser/parser_utils.o build/obj/render/render.o build/obj/render/ray.o build/obj/render/phong_lighting.o build/obj/render/hit.o build/obj/render/texture.o build/obj/event/key_hook.o build/obj/vector/vector_utils.o build/obj/generic_lst/generic_lst.o libft/libft.a libmlx.dylib
#  Command-line target.
#  Implicit rule search has not been done.
#  Last modified 2023-06-11 02:12:37
#  File has been updated.
#  Needs to be updated (-q is set).
# variable set hash-table stats:
# Load=0/32=0%, Rehash=0, Collisions=0/10=0%
#  commands to execute (from `Makefile', line 82):
	@$(CC) $(CFLAGS) $(LDLIBS) $(LDFLAGS) $(OBJS) -o $@
	@printf "\n$(MAGENTA)[$(NAME)] Linking Success\n$(DEF_COLOR)"
	

# Not a target:
Makefile:
#  Implicit rule search has been done.
#  Last modified 2023-06-08 13:02:06
#  File has been updated.
#  Successfully updated.
# variable set hash-table stats:
# Load=0/32=0%, Rehash=0, Collisions=0/0=0%

libft/libft.a:
#  Implicit rule search has not been done.
#  Modification time never checked.
#  File has not been updated.
#  commands to execute (from `Makefile', line 75):
	@$(MAKE) -C $(LIBFT_DIR) bonus
	

fclean:
#  Phony target (prerequisite of .PHONY).
#  Implicit rule search has not been done.
#  File does not exist.
#  File has not been updated.
#  commands to execute (from `Makefile', line 98):
	@$(MAKE) -C $(LIBFT_DIR) fclean
	@$(MAKE) -C $(MLX_DIR) clean
	@$(RM) -r $(BUILD_DIR) $(NAME) $(MLX)
	@printf "$(BLUE)[$(NAME)] obj. files$(DEF_COLOR)$(GREEN)	=> Cleaned!\n$(DEF_COLOR)"
	@printf "$(CYAN)[$(NAME)] exec. files$(DEF_COLOR)$(GREEN)	=> Cleaned!\n$(DEF_COLOR)"
	

# Not a target:
build/obj/parser/parser_utils.o:
#  Implicit rule search has not been done.
#  Modification time never checked.
#  File has not been updated.

norm:
#  Phony target (prerequisite of .PHONY).
#  Implicit rule search has not been done.
#  File does not exist.
#  File has not been updated.
#  commands to execute (from `Makefile', line 114):
	@$(MAKE) -C $(LIBFT_DIR) norm
	@(norminette | grep Error) || (printf "$(GREEN)[$(NAME)] Norminette Success\n$(DEF_COLOR)")
	

# Not a target:
build/obj/generic_lst/generic_lst.o:
#  Implicit rule search has not been done.
#  Modification time never checked.
#  File has not been updated.

# Not a target:
build/obj/event/key_hook.o:
#  Implicit rule search has not been done.
#  Modification time never checked.
#  File has not been updated.

# Not a target:
sources/main/main.c:
#  Implicit rule search has been done.
#  Last modified 2023-06-02 16:45:38
#  File has been updated.
#  Successfully updated.
# variable set hash-table stats:
# Load=0/32=0%, Rehash=0, Collisions=0/0=0%

# Not a target:
.DEFAULT:
#  Implicit rule search has not been done.
#  Modification time never checked.
#  File has not been updated.

libmlx.dylib:
#  Implicit rule search has not been done.
#  Modification time never checked.
#  File has not been updated.
#  commands to execute (from `Makefile', line 78):
	@$(MAKE) -C $(MLX_DIR)
	@cp $(MLX_DIR)/$(MLX) $(MLX)
	

# Not a target:
build/obj/main/utils.o:
#  Implicit rule search has not been done.
#  Modification time never checked.
#  File has not been updated.

re:
#  Phony target (prerequisite of .PHONY).
#  Implicit rule search has not been done.
#  File does not exist.
#  File has not been updated.
#  commands to execute (from `Makefile', line 105):
	@$(MAKE) fclean
	@$(MAKE) all
	@printf "$(GREEN)[$(NAME)] Cleaned and rebuilt everything!\n$(DEF_COLOR)"
	

# Not a target:
build/obj/main/ft_atof.o:
#  Implicit rule search has not been done.
#  Modification time never checked.
#  File has not been updated.

clean:
#  Phony target (prerequisite of .PHONY).
#  Implicit rule search has not been done.
#  File does not exist.
#  File has not been updated.
#  commands to execute (from `Makefile', line 92):
	@$(MAKE) -C $(LIBFT_DIR) clean
	@$(MAKE) -C $(MLX_DIR) clean
	@$(RM) -r $(BUILD_DIR)
	@printf "$(BLUE)[$(NAME)] obj. files$(DEF_COLOR)$(GREEN)	=> Cleaned!\n$(DEF_COLOR)"
	

# Not a target:
build/obj/render/ray.o:
#  Implicit rule search has not been done.
#  Modification time never checked.
#  File has not been updated.

# Not a target:
build/obj/render/render.o:
#  Implicit rule search has not been done.
#  Modification time never checked.
#  File has not been updated.

# Not a target:
build/obj/render/phong_lighting.o:
#  Implicit rule search has not been done.
#  Modification time never checked.
#  File has not been updated.

# Not a target:
build/obj/parser/parser.o:
#  Implicit rule search has not been done.
#  Modification time never checked.
#  File has not been updated.

# Not a target:
build/obj/render/texture.o:
#  Implicit rule search has not been done.
#  Modification time never checked.
#  File has not been updated.

dir_guard:
#  Phony target (prerequisite of .PHONY).
#  Implicit rule search has not been done.
#  Implicit/static pattern stem: `'
#  File does not exist.
#  File has been updated.
#  Needs to be updated (-q is set).
# automatic
# @ := dir_guard
# automatic
# % := 
# automatic
# * := 
# automatic
# + := 
# automatic
# | := 
# automatic
# < := 
# automatic
# ^ := 
# automatic
# ? := 
# variable set hash-table stats:
# Load=8/32=25%, Rehash=0, Collisions=3/18=17%
#  commands to execute (from `Makefile', line 110):
	@mkdir -p $(addprefix $(BUILD_DIR)/$(OBJ_DIR)/, $(MAIN_DIR) $(PARSER_DIR) $(RENDER_DIR) \
	$(EVENT_DIR) $(VECTOR_DIR) $(GENERIC_LST_DIR))
	

# files hash-table stats:
# Load=27/1024=3%, Rehash=0, Collisions=1/67=1%
# VPATH Search Paths

# No `vpath' search paths.

# No general (`VPATH' variable) search path.

# # of strings in strcache: 1
# # of strcache buffers: 1
# strcache size: total = 4096 / max = 4096 / min = 4096 / avg = 4096
# strcache free: total = 4087 / max = 4087 / min = 4087 / avg = 4087

# Finished Make data base on Mon Jun 12 19:34:49 2023


# Make data base, printed on Mon Jun 12 19:34:49 2023

# Variables

# automatic
<D = $(patsubst %/,%,$(dir $<))
# automatic
?F = $(notdir $?)
# makefile (from `Makefile', line 129)
GRAY = \033[1;90m
# makefile (from `Makefile', line 26)
RENDER_DIR := render
# environment
LC_CTYPE = UTF-8
# automatic
?D = $(patsubst %/,%,$(dir $?))
# makefile (from `Makefile', line 7)
CPPFLAGS = -I includes -I $(LIBFT_DIR)/includes -I $(MLX_DIR)
# automatic
@D = $(patsubst %/,%,$(dir $@))
# makefile (from `Makefile', line 57)
STEP := 100
# automatic
@F = $(notdir $@)
# makefile (from `Makefile', line 9)
LDLIBS := -l ft -l mlx
# makefile
CURDIR := /Users/daewoole/Documents/42seoul/cursus/circle_4/miniRT
# makefile
SHELL = /bin/sh
# makefile (from `Makefile', line 27)
EVENT_DIR := event
# environment
VSCODE_NLS_CONFIG = {"locale":"ko","availableLanguages":{},"_languagePackSupport":true}
# makefile (from `Makefile', line 64)
MLX := libmlx.dylib
# environment
_ = /usr/bin/make
# makefile (from `Makefile', line 6)
CFLAGS := -Wall -Wextra -Werror -O2
# makefile (from `Makefile', line 133)
BLUE = \033[1;94m
 
make: *** [all] Error 1

# makefile (from `Makefile', line 1)
MAKEFILE_LIST :=  Makefile
# makefile (from `Makefile', line 32)
OBJ_DIR := obj
# makefile (from `Makefile', line 49)
OBJS :=  build/obj/main/main.o  build/obj/main/utils.o  build/obj/main/ft_atof.o  build/obj/parser/parser.o  build/obj/parser/parser_utils.o  build/obj/render/render.o  build/obj/render/ray.o  build/obj/render/phong_lighting.o  build/obj/render/hit.o  build/obj/render/texture.o  build/obj/event/key_hook.o  build/obj/vector/vector_utils.o  build/obj/generic_lst/generic_lst.o
# environment
VSCODE_CWD = /Users/daewoole/Documents/42seoul/cursus/circle_4/miniRT
# makefile (from `Makefile', line 29)
GENERIC_LST_DIR := generic_lst
# environment
PATH = /Users/daewoole/.brew/bin:/Users/daewoole/.brew/bin:/usr/local/bin:/usr/bin:/bin:/usr/sbin:/sbin:/usr/local/munki:/Users/daewoole/.brew/bin
# makefile (from `Makefile', line 55)
TOTAL_FILES :=       13
# environment
LaunchInstanceID = 960FD36C-4D14-4564-8350-B7AFCE29186D
# environment
ELECTRON_RUN_AS_NODE = 1
# makefile (from `Makefile', line 8)
LDFLAGS = -L $(LIBFT_DIR) -L .
# default
.FEATURES := target-specific order-only second-expansion else-if archives jobserver check-symlink
# makefile (from `Makefile', line 15)
LIBFT_DIR := libft
# environment
SSH_AUTH_SOCK = /private/tmp/com.apple.launchd.eTFItY2Ogr/Listeners
# automatic
%F = $(notdir $%)
# environment
PWD = /Users/daewoole/Documents/42seoul/cursus/circle_4/miniRT
# makefile (from `Makefile', line 28)
VECTOR_DIR := vector
# environment
ORIGINAL_XDG_CURRENT_DESKTOP = undefined
# makefile (from `Makefile', line 131)
GREEN = \033[1;92m
# makefile (from `Makefile', line 56)
COMPILED_FILES := 0
# environment
VSCODE_AMD_ENTRYPOINT = vs/workbench/api/node/extensionHostProcess
# environment
HOME = /Users/daewoole
# default
MAKEFILEPATH := /Applications/Xcode.app/Contents/Developer/Makefiles
# environment
VSCODE_CODE_CACHE_PATH = /Users/daewoole/Library/Application Support/Code/CachedData/97dec172d3256f8ca4bfb2143f3f76b503ca0534
# makefile (from `Makefile', line 24)
MAIN_DIR := main
# environment
LOGNAME = daewoole
# environment
APPLICATION_INSIGHTS_NO_DIAGNOSTIC_CHANNEL = 1
# environment
VSCODE_HANDLES_UNCAUGHT_ERRORS = true
# automatic
^D = $(patsubst %/,%,$(dir $^))
# environment
XPC_FLAGS = 0x0
# environment
COLORTERM = truecolor
# makefile (from `Makefile', line 126)
RESTCUR = \033[u
# default
MAKE = $(MAKE_COMMAND)
# environment
LC_TERMINAL = iTerm2
# makefile (from `Makefile', line 128)
DEF_COLOR = \033[1;39m
# makefile (from `Makefile', line 43)
SRCS := sources/main/main.c sources/main/utils.c sources/main/ft_atof.c sources/parser/parser.c sources/parser/parser_utils.c sources/render/render.c sources/render/ray.c sources/render/phong_lighting.c sources/render/hit.c sources/render/texture.c sources/event/key_hook.c sources/vector/vector_utils.c sources/generic_lst/generic_lst.c
# environment
SHLVL = 2
# makefile (from `Makefile', line 136)
WHITE = \033[1;97m
# makefile (from `Makefile', line 63)
LIBFT := libft/libft.a
# makefile (from `Makefile', line 5)
CC := cc
# makefile (from `Makefile', line 45)
SRCS_GOAL = 	$(if $(filter bonus, $(MAKECMDGOALS)), $(SRCS_BONUS), $(SRCS))
# makefile (from `Makefile', line 31)
BUILD_DIR := build
# default
MAKE_VERSION := 3.81
# environment
USER = daewoole
# makefile
.DEFAULT_GOAL := all
# default
MAKECMDGOALS := all
# environment
TERM_SESSION_ID = w0t0p0:7190C141-67FB-4DCC-A1E2-1BA7ECA910C6
# makefile (from `Makefile', line 65)
NAME := miniRT
# makefile (from `Makefile', line 123)
DELINE = \033[K
# automatic
%D = $(patsubst %/,%,$(dir $%))
# default
MAKE_COMMAND := /Applications/Xcode.app/Contents/Developer/usr/bin/make
# environment
TERM_PROGRAM = iTerm.app
# default
.VARIABLES := 
# environment
TMPDIR = /var/folders/zz/zyxvpxvq6csfxvn_n000cwyc00377l/T/
# automatic
*F = $(notdir $*)
# environment
VSCODE_IPC_HOOK = /Users/daewoole/Library/Application Support/Code/1.74.3-main.sock
# environment
MallocNanoZone = 0
# makefile (from `Makefile', line 130)
RED = \033[1;91m
# makefile
MAKEFLAGS = Rrqp
# environment
MFLAGS = -Rrqp
# automatic
*D = $(patsubst %/,%,$(dir $*))
# environment
TERM_PROGRAM_VERSION = 3.4.19
# environment
XPC_SERVICE_NAME = com.microsoft.VSCode.2216.1401527E-2A4B-49A2-85BD-70DF20B09947
# environment
LC_TERMINAL_VERSION = 3.4.19
# automatic
+D = $(patsubst %/,%,$(dir $+))
# makefile (from `Makefile', line 132)
YELLOW = \033[1;93m
# makefile (from `Makefile', line 135)
CYAN = \033[1;96m
# automatic
+F = $(notdir $+)
# makefile (from `Makefile', line 25)
PARSER_DIR := parser
# environment
ITERM_SESSION_ID = w0t0p0:7190C141-67FB-4DCC-A1E2-1BA7ECA910C6
# environment
COLORFGBG = 7;0
# environment
__CF_USER_TEXT_ENCODING = 0x19CF3:0x0:0x0
# environment
COMMAND_MODE = unix2003
# default
MAKEFILES := 
# makefile (from `Makefile', line 22)
SRC_DIR := sources
# automatic
<F = $(notdir $<)
# environment
ITERM_PROFILE = Default
# makefile (from `Makefile', line 124)
CURSUP = \033[A
# makefile (from `Makefile', line 16)
MLX_DIR := mlx
# environment
LC_ALL = C
# environment
SECURITYSESSIONID = 186ff
# automatic
^F = $(notdir $^)
# default
SUFFIXES := 
# default
.INCLUDE_DIRS = /usr/local/include
# makefile (from `Makefile', line 134)
MAGENTA = \033[1;95m
# environment
MAKELEVEL := 0
# makefile (from `Makefile', line 125)
SAVECUR = \033[s
# environment
LANG = C
# environment
TERM = xterm-256color
# environment
VSCODE_PID = 40051
# variable set hash-table stats:
# Load=108/1024=11%, Rehash=0, Collisions=11/180=6%

# Pattern-specific Variable Values

# No pattern-specific variable values.

# Directories

# . (device 16777225, inode 1600463): 16 files, no impossibilities.
# sources (device 16777225, inode 1610611): No files, no impossibilities so far.

# 16 files, no impossibilities in 2 directories.

# Implicit Rules

build/obj/%.o: sources/%.c | dir_guard
#  commands to execute (from `Makefile', line 86):
	@$(CC) $(CFLAGS) $(CPPFLAGS) -c $< -o $@
	@$(eval COMPILED_FILES = $(shell expr $(COMPILED_FILES) + 1))
	@$(eval PROGRESS = $(shell expr $(COMPILED_FILES) "*" $(STEP) / $(TOTAL_FILES)))
	@printf "$(SAVECUR) $(DELINE) $(YELLOW)[$(NAME)] [%02d/%02d] ( %3d %%) Compiling $<\r$(DEF_COLOR) $(RESTCUR)" $(COMPILED_FILES) $(TOTAL_FILES) $(PROGRESS)
	

# 1 implicit rules, 0 (0.0%) terminal.

# Files

all:
#  Phony target (prerequisite of .PHONY).
#  Command-line target.
#  Implicit rule search has not been done.
#  Implicit/static pattern stem: `'
#  File does not exist.
#  File has been updated.
#  Failed to be updated.
# automatic
# @ := all
# automatic
# % := 
# automatic
# * := 
# automatic
# + := 
# automatic
# | := 
# automatic
# < := 
# automatic
# ^ := 
# automatic
# ? := 
# variable set hash-table stats:
# Load=8/32=25%, Rehash=0, Collisions=2/13=15%
#  commands to execute (from `Makefile', line 72):
	@$(MAKE) $(NAME)
	

.PHONY: all clean fclean re dir_guard norm
#  Implicit rule search has not been done.
#  Modification time never checked.
#  File has not been updated.

# Not a target:
build/obj/render/hit.o:
#  Implicit rule search has not been done.
#  Modification time never checked.
#  File has not been updated.

# Not a target:
build/obj/main/main.o:
#  Implicit rule search has not been done.
#  Modification time never checked.
#  File has not been updated.

# Not a target:
build/obj/vector/vector_utils.o:
#  Implicit rule search has not been done.
#  Modification time never checked.
#  File has not been updated.

# Not a target:
.SUFFIXES:
#  Implicit rule search has not been done.
#  Modification time never checked.
#  File has not been updated.

miniRT: build/obj/main/main.o build/obj/main/utils.o build/obj/main/ft_atof.o build/obj/parser/parser.o build/obj/parser/parser_utils.o build/obj/render/render.o build/obj/render/ray.o build/obj/render/phong_lighting.o build/obj/render/hit.o build/obj/render/texture.o build/obj/event/key_hook.o build/obj/vector/vector_utils.o build/obj/generic_lst/generic_lst.o libft/libft.a libmlx.dylib
#  Implicit rule search has not been done.
#  Modification time never checked.
#  File has not been updated.
#  commands to execute (from `Makefile', line 82):
	@$(CC) $(CFLAGS) $(LDLIBS) $(LDFLAGS) $(OBJS) -o $@
 
	@printf "\n$(MAGENTA)[$(NAME)] Linking Success\n$(DEF_COLOR)"
	

# Not a target:
Makefile:
#  Implicit rule search has been done.
#  Last modified 2023-06-08 13:02:06
#  File has been updated.
#  Successfully updated.
# variable set hash-table stats:
# Load=0/32=0%, Rehash=0, Collisions=0/0=0%

libft/libft.a:
#  Implicit rule search has not been done.
#  Modification time never checked.
#  File has not been updated.
#  commands to execute (from `Makefile', line 75):
	@$(MAKE) -C $(LIBFT_DIR) bonus
	

fclean:
#  Phony target (prerequisite of .PHONY).
#  Implicit rule search has not been done.
#  File does not exist.
#  File has not been updated.
#  commands to execute (from `Makefile', line 98):
	@$(MAKE) -C $(LIBFT_DIR) fclean
	@$(MAKE) -C $(MLX_DIR) clean
	@$(RM) -r $(BUILD_DIR) $(NAME) $(MLX)
	@printf "$(BLUE)[$(NAME)] obj. files$(DEF_COLOR)$(GREEN)	=> Cleaned!\n$(DEF_COLOR)"
	@printf "$(CYAN)[$(NAME)] exec. files$(DEF_COLOR)$(GREEN)	=> Cleaned!\n$(DEF_COLOR)"
	

# Not a target:
build/obj/parser/parser_utils.o:
#  Implicit rule search has not been done.
#  Modification time never checked.
#  File has not been updated.

norm:
#  Phony target (prerequisite of .PHONY).
#  Implicit rule search has not been done.
#  File does not exist.
#  File has not been updated.
#  commands to execute (from `Makefile', line 114):
	@$(MAKE) -C $(LIBFT_DIR) norm
	@(norminette | grep Error) || (printf "$(GREEN)[$(NAME)] Norminette Success\n$(DEF_COLOR)")
	

# Not a target:
build/obj/generic_lst/generic_lst.o:
#  Implicit rule search has not been done.
#  Modification time never checked.
#  File has not been updated.

# Not a target:
build/obj/event/key_hook.o:
#  Implicit rule search has not been done.
#  Modification time never checked.
#  File has not been updated.

# Not a target:
.DEFAULT:
#  Implicit rule search has not been done.
#  Modification time never checked.
#  File has not been updated.

libmlx.dylib:
#  Implicit rule search has not been done.
#  Modification time never checked.
#  File has not been updated.
#  commands to execute (from `Makefile', line 78):
	@$(MAKE) -C $(MLX_DIR)
	@cp $(MLX_DIR)/$(MLX) $(MLX)
	

# Not a target:
build/obj/main/utils.o:
#  Implicit rule search has not been done.
#  Modification time never checked.
#  File has not been updated.

re:
#  Phony target (prerequisite of .PHONY).
#  Implicit rule search has not been done.
#  File does not exist.
#  File has not been updated.
#  commands to execute (from `Makefile', line 105):
	@$(MAKE) fclean
	@$(MAKE) all
	@printf "$(GREEN)[$(NAME)] Cleaned and rebuilt everything!\n$(DEF_COLOR)"
	

# Not a target:
build/obj/main/ft_atof.o:
#  Implicit rule search has not been done.
#  Modification time never checked.
#  File has not been updated.

clean:
#  Phony target (prerequisite of .PHONY).
#  Implicit rule search has not been done.
#  File does not exist.
#  File has not been updated.
#  commands to execute (from `Makefile', line 92):
	@$(MAKE) -C $(LIBFT_DIR) clean
	@$(MAKE) -C $(MLX_DIR) clean
	@$(RM) -r $(BUILD_DIR)
	@printf "$(BLUE)[$(NAME)] obj. files$(DEF_COLOR)$(GREEN)	=> Cleaned!\n$(DEF_COLOR)"
	

# Not a target:
build/obj/render/ray.o:
#  Implicit rule search has not been done.
#  Modification time never checked.
#  File has not been updated.

# Not a target:
build/obj/render/render.o:
#  Implicit rule search has not been done.
#  Modification time never checked.
#  File has not been updated.

# Not a target:
build/obj/render/phong_lighting.o:
#  Implicit rule search has not been done.
#  Modification time never checked.
#  File has not been updated.

# Not a target:
build/obj/parser/parser.o:
#  Implicit rule search has not been done.
#  Modification time never checked.
#  File has not been updated.

# Not a target:
build/obj/render/texture.o:
#  Implicit rule search has not been done.
#  Modification time never checked.
#  File has not been updated.

dir_guard:
#  Phony target (prerequisite of .PHONY).
#  Implicit rule search has not been done.
#  File does not exist.
#  File has not been updated.
#  commands to execute (from `Makefile', line 110):
	@mkdir -p $(addprefix $(BUILD_DIR)/$(OBJ_DIR)/, $(MAIN_DIR) $(PARSER_DIR) $(RENDER_DIR) \
	$(EVENT_DIR) $(VECTOR_DIR) $(GENERIC_LST_DIR))
	

# files hash-table stats:
# Load=26/1024=3%, Rehash=0, Collisions=0/62=0%
# VPATH Search Paths

# No `vpath' search paths.

# No general (`VPATH' variable) search path.

# # of strings in strcache: 1
# # of strcache buffers: 1
# strcache size: total = 4096 / max = 4096 / min = 4096 / avg = 4096
# strcache free: total = 4087 / max = 4087 / min = 4087 / avg = 4087

# Finished Make data base on Mon Jun 12 19:34:55 2023

 
